<?xml version="1.0" encoding="UTF-8"?>
<testsuite xmlns:xsi="http://www.w3.org/2001/XMLSchema-instance" xsi:noNamespaceSchemaLocation="https://maven.apache.org/surefire/maven-surefire-plugin/xsd/surefire-test-report-3.0.xsd" version="3.0" name="com.example.mail.EmailControllerTest" time="5.306" tests="1" errors="0" skipped="0" failures="0">
  <properties>
[...]
</properties>
  <testcase name="testSendEmail" classname="com.example.mail.EmailControllerTest" time="0.433">
    <system-out><![CDATA[02:21:53.968 [main] INFO org.springframework.test.context.support.AnnotationConfigContextLoaderUtils -- Could not detect default configuration classes for test class [com.example.mail.EmailControllerTest]: EmailControllerTest does not declare any static, non-private, non-final, nested classes annotated with @Configuration.
02:21:54.112 [main] INFO org.springframework.boot.test.context.SpringBootTestContextBootstrapper -- Found @SpringBootConfiguration com.example.mail.DemoMailApplication for test class com.example.mail.EmailControllerTest

  .   ____          _            __ _ _
 /\\ / ___'_ __ _ _(_)_ __  __ _ \ \ \ \
( ( )\___ | '_ | '_| | '_ \/ _` | \ \ \ \
 \\/  ___)| |_)| | | | | || (_| |  ) ) ) )
  '  |____| .__|_| |_|_| |_\__, | / / / /
 =========|_|==============|___/=/_/_/_/
 :: Spring Boot ::                (v3.2.6)

2026-04-17T02:21:54.492+02:00  INFO 34164 --- [           main] com.example.mail.EmailControllerTest     : Starting EmailControllerTest using Java 17.0.18 with PID 34164 (started by CCNMRT87R in C:\Users\CCNMRT87R\eclipse-workspace\demo-mail)
2026-04-17T02:21:54.494+02:00  INFO 34164 --- [           main] com.example.mail.EmailControllerTest     : No active profile set, falling back to 1 default profile: "default"
2026-04-17T02:21:58.378+02:00  INFO 34164 --- [           main] o.s.b.t.m.w.SpringBootMockServletContext : Initializing Spring TestDispatcherServlet ''
2026-04-17T02:21:58.382+02:00  INFO 34164 --- [           main] o.s.t.web.servlet.TestDispatcherServlet  : Initializing Servlet ''
2026-04-17T02:21:58.397+02:00  INFO 34164 --- [           main] o.s.t.web.servlet.TestDispatcherServlet  : Completed initialization in 6 ms
2026-04-17T02:21:58.524+02:00  INFO 34164 --- [           main] com.example.mail.EmailControllerTest     : Started EmailControllerTest in 4.326 seconds (process running for 5.87)
]]></system-out>
  </testcase>
</testsuite>